<?xml version="1.0" encoding="UTF-8"?>
<!-- Generated by org.testng.reporters.JUnitXMLReporter -->
<testsuite ignored="2" hostname="Royak-Sai" failures="0" tests="2" name="Test" time="0.085" errors="0" timestamp="2022-04-13T21:27:18 IST">
  <testcase classname="TestNG.Groups1" name="test1" time="0.011"/>
  <testcase classname="TestNG.Groups1" name="test3" time="0.002"/>
  <testcase classname="TestNG.Groups1" name="test2" time="0.0">
    <ignored/>
  </testcase> <!-- test2 -->
  <testcase classname="TestNG.Groups1" name="test4" time="0.0">
    <ignored/>
  </testcase> <!-- test4 -->
</testsuite> <!-- Test -->
