<?xml version="1.0" encoding="UTF-8"?>
<!-- Generated by org.testng.reporters.JUnitXMLReporter -->
<testsuite ignored="0" hostname="Royak-Sai" failures="0" tests="4" name="Default test" time="0.072" errors="0" timestamp="2022-04-13T21:23:57 IST">
  <testcase classname="TestNG.DependsOnMethodand1" name="test4" time="0.007"/>
  <testcase classname="TestNG.DependsOnMethodand1" name="test2" time="0.001"/>
  <testcase classname="TestNG.DependsOnMethodand1" name="test3" time="0.002"/>
  <testcase classname="TestNG.DependsOnMethodand1" name="test1" time="0.002"/>
</testsuite> <!-- Default test -->
