<?xml version="1.0" encoding="UTF-8"?>
<testng-results ignored="2" total="4" passed="2" failed="0" skipped="0">
  <reporter-output>
  </reporter-output>
  <suite started-at="2022-04-13T21:27:17 IST" name="Suite" finished-at="2022-04-13T21:27:17 IST" duration-ms="85">
    <groups>
      <group name="Sainath">
        <method signature="Groups1.test1()[pri:0, instance:TestNG.Groups1@47987356]" name="test1" class="TestNG.Groups1"/>
        <method signature="Groups1.test3()[pri:0, instance:TestNG.Groups1@47987356]" name="test3" class="TestNG.Groups1"/>
      </group> <!-- Sainath -->
    </groups>
    <test started-at="2022-04-13T21:27:17 IST" name="Test" finished-at="2022-04-13T21:27:17 IST" duration-ms="85">
      <class name="TestNG.Groups1">
        <test-method signature="test1()[pri:0, instance:TestNG.Groups1@47987356]" started-at="2022-04-13T21:27:17 IST" name="test1" finished-at="2022-04-13T21:27:17 IST" duration-ms="11" status="PASS">
          <reporter-output>
          </reporter-output>
        </test-method> <!-- test1 -->
        <test-method signature="test3()[pri:0, instance:TestNG.Groups1@47987356]" started-at="2022-04-13T21:27:17 IST" name="test3" finished-at="2022-04-13T21:27:17 IST" duration-ms="2" status="PASS">
          <reporter-output>
          </reporter-output>
        </test-method> <!-- test3 -->
      </class> <!-- TestNG.Groups1 -->
    </test> <!-- Test -->
  </suite> <!-- Suite -->
</testng-results>
